* using log directory ‘/Users/wnbo/Desktop/research/fine_mapping/dap-pir/dap.Rcheck’
* using R version 4.4.2 (2024-10-31)
* using platform: aarch64-apple-darwin20
* R was compiled by
    Apple clang version 14.0.0 (clang-1400.0.29.202)
    GNU Fortran (GCC) 12.2.0
* running under: macOS Sequoia 15.0.1
* using session charset: UTF-8
* using options ‘--no-manual --as-cran’
* checking for file ‘dap/DESCRIPTION’ ... OK
* checking extension type ... Package
* this is package ‘dap’ version ‘0.1.0’
* package encoding: UTF-8
* checking package namespace information ... OK
* checking package dependencies ... ERROR
Namespace dependency missing from DESCRIPTION Imports/Depends entries: ‘Rfast’

See section ‘The DESCRIPTION file’ in the ‘Writing R Extensions’
manual.
* DONE
Status: 1 ERROR
